<?xml version="1.0" encoding="UTF-8"?>
<!-- Generated by org.testng.reporters.JUnitXMLReporter -->
<testsuite ignored="2" hostname="NB5CG7481SKZ" failures="0" tests="1" name="Test" time="6.553" errors="0" timestamp="2022-03-20T12:43:34 SAST">
  <testcase classname="org.bongz.tests.EventTransactionTest" name="fitnessAssessmentTest" time="5.629"/>
  <testcase classname="org.bongz.tests.EventTransactionTest" name="safetyQuestionnaireTest" time="0.0">
    <ignored/>
  </testcase> <!-- safetyQuestionnaireTest -->
  <testcase classname="org.bongz.tests.SearchContractTest" name="getUserProfile" time="0.0">
    <ignored/>
  </testcase> <!-- getUserProfile -->
</testsuite> <!-- Test -->
