<?xml version="1.0" encoding="UTF-8"?>
<!-- Generated by org.testng.reporters.JUnitXMLReporter -->
<testsuite ignored="1" hostname="NB5CG7481SKZ" failures="0" tests="1" name="Test" time="10.268" errors="0" timestamp="2022-04-19T11:48:41 SAST">
  <testcase classname="org.bongz.tests.PremierWithRSAID" name="createPremierWithRSAIDTest" time="8.355"/>
  <testcase classname="org.bongz.tests.SearchContractTest" name="getUserProfile" time="0.0">
    <ignored/>
  </testcase> <!-- getUserProfile -->
</testsuite> <!-- Test -->
