<?xml version="1.0" encoding="UTF-8"?>
<testng-results ignored="1" total="2" passed="1" failed="0" skipped="0">
  <reporter-output>
  </reporter-output>
  <suite started-at="2022-04-19T11:48:30 SAST" name="Suite" finished-at="2022-04-19T11:48:41 SAST" duration-ms="10268">
    <groups>
    </groups>
    <test started-at="2022-04-19T11:48:30 SAST" name="Test" finished-at="2022-04-19T11:48:41 SAST" duration-ms="10268">
      <class name="org.bongz.tests.PremierWithRSAID">
        <test-method is-config="true" signature="setup()[pri:0, instance:org.bongz.tests.PremierWithRSAID@783a467b]" started-at="2022-04-19T11:48:32 SAST" name="setup" finished-at="2022-04-19T11:48:32 SAST" duration-ms="9" status="PASS">
          <reporter-output>
          </reporter-output>
        </test-method> <!-- setup -->
        <test-method signature="createPremierWithRSAIDTest(java.util.Map)[pri:0, instance:org.bongz.tests.PremierWithRSAID@783a467b]" started-at="2022-04-19T11:48:32 SAST" name="createPremierWithRSAIDTest" description="To create a create premier contract with RSA ID" data-provider="getData" finished-at="2022-04-19T11:48:41 SAST" duration-ms="8355" status="PASS">
          <params>
            <param index="0">
              <value>
                <![CDATA[{eventReceivedDate=, identityNumber=9109135800084, contractStartDate=2022-01-01, customerId=, testname=createPremierWithRSAIDTest, execute=yes, eventDate=, statusCode=}]]>
              </value>
            </param>
          </params>
          <reporter-output>
          </reporter-output>
        </test-method> <!-- createPremierWithRSAIDTest -->
      </class> <!-- org.bongz.tests.PremierWithRSAID -->
    </test> <!-- Test -->
  </suite> <!-- Suite -->
</testng-results>
