<?xml version="1.0" encoding="UTF-8"?>
<testng-results ignored="2" total="3" passed="1" failed="0" skipped="0">
  <reporter-output>
  </reporter-output>
  <suite started-at="2022-03-20T12:43:28 SAST" name="Suite" finished-at="2022-03-20T12:43:34 SAST" duration-ms="6553">
    <groups>
    </groups>
    <test started-at="2022-03-20T12:43:28 SAST" name="Test" finished-at="2022-03-20T12:43:34 SAST" duration-ms="6553">
      <class name="org.bongz.tests.EventTransactionTest">
        <test-method is-config="true" signature="setup()[pri:0, instance:org.bongz.tests.EventTransactionTest@22ef9844]" started-at="2022-03-20T12:43:29 SAST" name="setup" finished-at="2022-03-20T12:43:29 SAST" duration-ms="4" status="PASS">
          <reporter-output>
          </reporter-output>
        </test-method> <!-- setup -->
        <test-method signature="fitnessAssessmentTest(java.util.Map)[pri:0, instance:org.bongz.tests.EventTransactionTest@22ef9844]" started-at="2022-03-20T12:43:29 SAST" name="fitnessAssessmentTest" description="To check if the FA works" data-provider="getData" finished-at="2022-03-20T12:43:34 SAST" duration-ms="5629" status="PASS">
          <params>
            <param index="0">
              <value>
                <![CDATA[{eventReceivedDate=2022-03-11T07:49:31.053, customerId=256165, testname=fitnessAssessmentTest, execute=yes, eventDate=2022-03-11T07:43:29.053, statusCode=201}]]>
              </value>
            </param>
          </params>
          <reporter-output>
          </reporter-output>
        </test-method> <!-- fitnessAssessmentTest -->
      </class> <!-- org.bongz.tests.EventTransactionTest -->
    </test> <!-- Test -->
  </suite> <!-- Suite -->
</testng-results>
